<?xml version="1.0" encoding="UTF-8"?>
<testsuite name="StringUtilsTest" tests="1" skipped="0" failures="0" errors="0" timestamp="2021-08-01T04:33:17" hostname="DESKTOP-0GJ8H9T" time="0.032">
  <properties/>
  <testcase name="isPositiveNumber()" classname="StringUtilsTest" time="0.032"/>
  <system-out><![CDATA[]]></system-out>
  <system-err><![CDATA[]]></system-err>
</testsuite>
